<?xml version="1.0" encoding="UTF-8"?>
<!-- Generated by org.testng.reporters.JUnitXMLReporter -->
<testsuite ignored="0" hostname="iSupporTech" failures="0" tests="7" name="Challenges" time="73.922" errors="0" timestamp="2021-02-08T10:55:22 MST">
  <testcase classname="CodeChallenges.LoginPage" name="loginSuccessTest" time="5.945"/>
  <testcase classname="CodeChallenges.LoginPage" name="loginErrorTest" time="3.674"/>
  <testcase classname="CodeChallenges.ExitIntent" name="popUpWindowTest" time="3.906"/>
  <testcase classname="CodeChallenges.TableLastName" name="lastNameSortingTest" time="6.074"/>
  <testcase classname="CodeChallenges.TableFirstName" name="firstNameSortingTest" time="6.013"/>
  <testcase classname="CodeChallenges.NewBrowserTab" name="newWindowTest" time="5.727"/>
  <testcase classname="CodeChallenges.DynamicControls" name="enableAndDiasableTest" time="11.452"/>
</testsuite> <!-- Challenges -->
